running egg_info
creating ../../build/gps_logger/gps_logger.egg-info
writing ../../build/gps_logger/gps_logger.egg-info/PKG-INFO
writing dependency_links to ../../build/gps_logger/gps_logger.egg-info/dependency_links.txt
writing entry points to ../../build/gps_logger/gps_logger.egg-info/entry_points.txt
writing requirements to ../../build/gps_logger/gps_logger.egg-info/requires.txt
writing top-level names to ../../build/gps_logger/gps_logger.egg-info/top_level.txt
writing manifest file '../../build/gps_logger/gps_logger.egg-info/SOURCES.txt'
reading manifest file '../../build/gps_logger/gps_logger.egg-info/SOURCES.txt'
writing manifest file '../../build/gps_logger/gps_logger.egg-info/SOURCES.txt'
running build
running build_py
creating /home/goblin/turtlebot_gps_workspace/build/gps_logger/build
creating /home/goblin/turtlebot_gps_workspace/build/gps_logger/build/lib
creating /home/goblin/turtlebot_gps_workspace/build/gps_logger/build/lib/gps_logger
copying gps_logger/gps_logger_node.py -> /home/goblin/turtlebot_gps_workspace/build/gps_logger/build/lib/gps_logger
copying gps_logger/__init__.py -> /home/goblin/turtlebot_gps_workspace/build/gps_logger/build/lib/gps_logger
running install
running install_lib
creating /home/goblin/turtlebot_gps_workspace/install/gps_logger/lib/python3.10/site-packages/gps_logger
copying /home/goblin/turtlebot_gps_workspace/build/gps_logger/build/lib/gps_logger/gps_logger_node.py -> /home/goblin/turtlebot_gps_workspace/install/gps_logger/lib/python3.10/site-packages/gps_logger
copying /home/goblin/turtlebot_gps_workspace/build/gps_logger/build/lib/gps_logger/__init__.py -> /home/goblin/turtlebot_gps_workspace/install/gps_logger/lib/python3.10/site-packages/gps_logger
byte-compiling /home/goblin/turtlebot_gps_workspace/install/gps_logger/lib/python3.10/site-packages/gps_logger/gps_logger_node.py to gps_logger_node.cpython-310.pyc
byte-compiling /home/goblin/turtlebot_gps_workspace/install/gps_logger/lib/python3.10/site-packages/gps_logger/__init__.py to __init__.cpython-310.pyc
running install_data
creating /home/goblin/turtlebot_gps_workspace/install/gps_logger/share/ament_index
creating /home/goblin/turtlebot_gps_workspace/install/gps_logger/share/ament_index/resource_index
creating /home/goblin/turtlebot_gps_workspace/install/gps_logger/share/ament_index/resource_index/packages
copying resource/gps_logger -> /home/goblin/turtlebot_gps_workspace/install/gps_logger/share/ament_index/resource_index/packages
copying package.xml -> /home/goblin/turtlebot_gps_workspace/install/gps_logger/share/gps_logger
running install_egg_info
Copying ../../build/gps_logger/gps_logger.egg-info to /home/goblin/turtlebot_gps_workspace/install/gps_logger/lib/python3.10/site-packages/gps_logger-0.0.0-py3.10.egg-info
running install_scripts
Installing gps_logger_node script to /home/goblin/turtlebot_gps_workspace/install/gps_logger/lib/gps_logger
writing list of installed files to '/home/goblin/turtlebot_gps_workspace/build/gps_logger/install.log'
