[1.142s] Invoking command in '/home/goblin/turtlebot_gps_workspace/src/gps_logger': PYTHONPATH=/home/goblin/turtlebot_gps_workspace/build/gps_logger/prefix_override:/usr/lib/python3/dist-packages/colcon_core/task/python/colcon_distutils_commands:/home/goblin/turtlebot_gps_workspace/install/gps_logger/lib/python3.10/site-packages:${PYTHONPATH} /usr/bin/python3 -W ignore:setup.py install is deprecated -W ignore:easy_install command is deprecated setup.py egg_info --egg-base ../../build/gps_logger build --build-base /home/goblin/turtlebot_gps_workspace/build/gps_logger/build install --record /home/goblin/turtlebot_gps_workspace/build/gps_logger/install.log --single-version-externally-managed install_data
[1.313s] running egg_info
[1.315s] creating ../../build/gps_logger/gps_logger.egg-info
[1.315s] writing ../../build/gps_logger/gps_logger.egg-info/PKG-INFO
[1.315s] writing dependency_links to ../../build/gps_logger/gps_logger.egg-info/dependency_links.txt
[1.315s] writing entry points to ../../build/gps_logger/gps_logger.egg-info/entry_points.txt
[1.315s] writing requirements to ../../build/gps_logger/gps_logger.egg-info/requires.txt
[1.315s] writing top-level names to ../../build/gps_logger/gps_logger.egg-info/top_level.txt
[1.315s] writing manifest file '../../build/gps_logger/gps_logger.egg-info/SOURCES.txt'
[1.317s] reading manifest file '../../build/gps_logger/gps_logger.egg-info/SOURCES.txt'
[1.317s] writing manifest file '../../build/gps_logger/gps_logger.egg-info/SOURCES.txt'
[1.319s] running build
[1.319s] running build_py
[1.319s] creating /home/goblin/turtlebot_gps_workspace/build/gps_logger/build
[1.319s] creating /home/goblin/turtlebot_gps_workspace/build/gps_logger/build/lib
[1.320s] creating /home/goblin/turtlebot_gps_workspace/build/gps_logger/build/lib/gps_logger
[1.320s] copying gps_logger/gps_logger_node.py -> /home/goblin/turtlebot_gps_workspace/build/gps_logger/build/lib/gps_logger
[1.320s] copying gps_logger/__init__.py -> /home/goblin/turtlebot_gps_workspace/build/gps_logger/build/lib/gps_logger
[1.320s] running install
[1.320s] running install_lib
[1.320s] creating /home/goblin/turtlebot_gps_workspace/install/gps_logger/lib/python3.10/site-packages/gps_logger
[1.320s] copying /home/goblin/turtlebot_gps_workspace/build/gps_logger/build/lib/gps_logger/gps_logger_node.py -> /home/goblin/turtlebot_gps_workspace/install/gps_logger/lib/python3.10/site-packages/gps_logger
[1.320s] copying /home/goblin/turtlebot_gps_workspace/build/gps_logger/build/lib/gps_logger/__init__.py -> /home/goblin/turtlebot_gps_workspace/install/gps_logger/lib/python3.10/site-packages/gps_logger
[1.321s] byte-compiling /home/goblin/turtlebot_gps_workspace/install/gps_logger/lib/python3.10/site-packages/gps_logger/gps_logger_node.py to gps_logger_node.cpython-310.pyc
[1.323s] byte-compiling /home/goblin/turtlebot_gps_workspace/install/gps_logger/lib/python3.10/site-packages/gps_logger/__init__.py to __init__.cpython-310.pyc
[1.323s] running install_data
[1.323s] creating /home/goblin/turtlebot_gps_workspace/install/gps_logger/share/ament_index
[1.323s] creating /home/goblin/turtlebot_gps_workspace/install/gps_logger/share/ament_index/resource_index
[1.323s] creating /home/goblin/turtlebot_gps_workspace/install/gps_logger/share/ament_index/resource_index/packages
[1.323s] copying resource/gps_logger -> /home/goblin/turtlebot_gps_workspace/install/gps_logger/share/ament_index/resource_index/packages
[1.323s] copying package.xml -> /home/goblin/turtlebot_gps_workspace/install/gps_logger/share/gps_logger
[1.323s] running install_egg_info
[1.326s] Copying ../../build/gps_logger/gps_logger.egg-info to /home/goblin/turtlebot_gps_workspace/install/gps_logger/lib/python3.10/site-packages/gps_logger-0.0.0-py3.10.egg-info
[1.327s] running install_scripts
[1.344s] Installing gps_logger_node script to /home/goblin/turtlebot_gps_workspace/install/gps_logger/lib/gps_logger
[1.345s] writing list of installed files to '/home/goblin/turtlebot_gps_workspace/build/gps_logger/install.log'
[1.373s] Invoked command in '/home/goblin/turtlebot_gps_workspace/src/gps_logger' returned '0': PYTHONPATH=/home/goblin/turtlebot_gps_workspace/build/gps_logger/prefix_override:/usr/lib/python3/dist-packages/colcon_core/task/python/colcon_distutils_commands:/home/goblin/turtlebot_gps_workspace/install/gps_logger/lib/python3.10/site-packages:${PYTHONPATH} /usr/bin/python3 -W ignore:setup.py install is deprecated -W ignore:easy_install command is deprecated setup.py egg_info --egg-base ../../build/gps_logger build --build-base /home/goblin/turtlebot_gps_workspace/build/gps_logger/build install --record /home/goblin/turtlebot_gps_workspace/build/gps_logger/install.log --single-version-externally-managed install_data
